Maria Leal ha realizado cierre de sesion
Jose Del Valle ha realizado cierre de sesion
Angel David ha realizado cierre de sesion
Xiao Qiao ha realizado cierre de sesion
Mario Fiore ha realizado cierre de sesion
Angelica Romero ha realizado cierre de sesion
Jose Romero ha realizado cierre de sesion
Monica Revilla ha realizado cierre de sesion
Fernando Revilla ha realizado cierre de sesion
Ramon Valdez ha realizado cierre de sesion
Mariana Corina ha realizado cierre de sesion
Sofia Medina ha realizado cierre de sesion
Tory Vega ha realizado cierre de sesion
Susana Mariotte ha realizado cierre de sesion
Manolo Flores ha realizado cierre de sesion
Manuel Morales ha realizado cierre de sesion
Rosa Colmenares ha realizado cierre de sesion
Maria Rosales ha realizado cierre de sesion
Francisco Del Valle ha realizado cierre de sesion
Mariano Torres ha realizado cierre de sesion
Diego Mensha ha realizado cierre de sesion
Maelo Ruiz ha realizado cierre de sesion
Oscar Leal ha realizado cierre de sesion
Morgan Freeman ha realizado cierre de sesion
Morgan Freeman ha realizado actualizacion de libretas
Morgan Freeman ha realizado retiro
Morgan Freeman ha realizado deposito
